<?xml version="1.0" encoding="UTF-8" ?>
<testsuite tests="1" failures="0" name="com.online.college.service.AppTest" time="0.003" errors="0" skipped="0">
  <properties>
    <property name="idea.version" value="2020.2.4"/>
    <property name="java.runtime.name" value="OpenJDK Runtime Environment"/>
    <property name="sun.boot.library.path" value="C:\Users\peng\.jdks\corretto-1.8.0_265\jre\bin"/>
    <property name="java.vm.version" value="25.265-b01"/>
    <property name="java.vm.vendor" value="Amazon.com Inc."/>
    <property name="maven.multiModuleProjectDirectory" value="E:\调试项目\coding-110-master\coding-110\ocProject_v607\ocProject"/>
    <property name="java.vendor.url" value="https://aws.amazon.com/corretto/"/>
    <property name="path.separator" value=";"/>
    <property name="guice.disable.misplaced.annotation.check" value="true"/>
    <property name="java.vm.name" value="OpenJDK 64-Bit Server VM"/>
    <property name="file.encoding.pkg" value="sun.io"/>
    <property name="user.script" value=""/>
    <property name="user.country" value="CN"/>
    <property name="sun.java.launcher" value="SUN_STANDARD"/>
    <property name="sun.os.patch.level" value=""/>
    <property name="java.vm.specification.name" value="Java Virtual Machine Specification"/>
    <property name="user.dir" value="E:\调试项目\coding-110-master\coding-110\ocProject_v607\ocProject"/>
    <property name="java.runtime.version" value="1.8.0_265-b01"/>
    <property name="java.awt.graphicsenv" value="sun.awt.Win32GraphicsEnvironment"/>
    <property name="java.endorsed.dirs" value="C:\Users\peng\.jdks\corretto-1.8.0_265\jre\lib\endorsed"/>
    <property name="os.arch" value="amd64"/>
    <property name="java.io.tmpdir" value="C:\Users\peng\AppData\Local\Temp\"/>
    <property name="line.separator" value="
"/>
    <property name="java.vm.specification.vendor" value="Oracle Corporation"/>
    <property name="user.variant" value=""/>
    <property name="os.name" value="Windows 10"/>
    <property name="maven.ext.class.path" value="D:\SorftAddress\IntelliJ IDEA 2020.2.3\plugins\maven\lib\maven-event-listener.jar"/>
    <property name="classworlds.conf" value="D:\SorftAddress\IntelliJ IDEA 2020.2.3\plugins\maven\lib\maven3\bin\m2.conf"/>
    <property name="sun.jnu.encoding" value="GBK"/>
    <property name="java.library.path" value="C:\Users\peng\.jdks\corretto-1.8.0_265\bin;C:\Windows\Sun\Java\bin;C:\Windows\system32;C:\Windows;D:\SorftAddress\xshell\;D:\SorftAddress\xftp6\;C:\Windows\system32;C:\Windows;C:\Windows\System32\Wbem;C:\Windows\System32\WindowsPowerShell\v1.0\;C:\Windows\System32\OpenSSH\;C:\Program Files\Java\jdk-14.0.2\bin;C:\Program Files\MySQL\MySQL Server 8.0\bin;D:\maven\apache-maven-3.6.3-bin\apache-maven-3.6.3\bin;D:\Git\cmd;D:\SorftAddress\redis\;C:\Program Files\Microsoft SQL Server\Client SDK\ODBC\170\Tools\Binn\;C:\Program Files (x86)\Microsoft SQL Server\150\Tools\Binn\;C:\Program Files\Microsoft SQL Server\150\Tools\Binn\;C:\Program Files\Microsoft SQL Server\150\DTS\Binn\;C:\Program Files (x86)\Microsoft SQL Server\150\DTS\Binn\;C:\Program Files\Azure Data Studio\bin;D:\SorftAddress\node\;D:\SorftAddress\Anaconda3;D:\SorftAddress\Anaconda3\Library\mingw-w64\bin;D:\SorftAddress\Anaconda3\Library\usr\bin;D:\SorftAddress\Anaconda3\Library\bin;D:\SorftAddress\Anaconda3\Scripts;D:\Python\Scripts\;D:\Python\;C:\Users\peng\AppData\Local\Microsoft\WindowsApps;D:\软件安装\IntelliJ IDEA 2020.2\bin;;D:\软件安装\Microsoft VS Code\bin;D:\javaWebLearningSorft\apache-tomcat-8.5.57-windows-x64\apache-tomcat-8.5.57\bin;D:\javaWebLearningSorft\apache-tomcat-8.5.57-windows-x64\apache-tomcat-8.5.57\lib;D:\PyCharm Community Edition 2020.2.3\bin;;D:\SorftAddress\PyCharm 2020.2.3\bin;;C:\Program Files\Azure Data Studio\bin;C:\Users\peng\AppData\Roaming\npm;;."/>
    <property name="maven.conf" value="D:\SorftAddress\IntelliJ IDEA 2020.2.3\plugins\maven\lib\maven3/conf"/>
    <property name="java.specification.name" value="Java Platform API Specification"/>
    <property name="java.class.version" value="52.0"/>
    <property name="sun.management.compiler" value="HotSpot 64-Bit Tiered Compilers"/>
    <property name="maven.repo.local" value="D:\maven\maven_repository\maven_repository"/>
    <property name="os.version" value="10.0"/>
    <property name="user.home" value="C:\Users\peng"/>
    <property name="user.timezone" value="Asia/Shanghai"/>
    <property name="java.awt.printerjob" value="sun.awt.windows.WPrinterJob"/>
    <property name="java.specification.version" value="1.8"/>
    <property name="file.encoding" value="UTF-8"/>
    <property name="user.name" value="peng"/>
    <property name="java.class.path" value="D:\SorftAddress\IntelliJ IDEA 2020.2.3\plugins\maven\lib\maven3\boot\plexus-classworlds-2.6.0.jar;D:\SorftAddress\IntelliJ IDEA 2020.2.3\plugins\maven\lib\maven3\boot\plexus-classworlds.license;D:\SorftAddress\IntelliJ IDEA 2020.2.3\lib\idea_rt.jar"/>
    <property name="java.vm.specification.version" value="1.8"/>
    <property name="sun.arch.data.model" value="64"/>
    <property name="java.home" value="C:\Users\peng\.jdks\corretto-1.8.0_265\jre"/>
    <property name="sun.java.command" value="org.codehaus.classworlds.Launcher -Didea.version=2020.2.4 -s D:\maven\apache-maven-3.6.3-bin\apache-maven-3.6.3\conf\settings.xml -Dmaven.repo.local=D:\maven\maven_repository\maven_repository install"/>
    <property name="java.specification.vendor" value="Oracle Corporation"/>
    <property name="user.language" value="zh"/>
    <property name="awt.toolkit" value="sun.awt.windows.WToolkit"/>
    <property name="java.vm.info" value="mixed mode"/>
    <property name="java.version" value="1.8.0_265"/>
    <property name="java.ext.dirs" value="C:\Users\peng\.jdks\corretto-1.8.0_265\jre\lib\ext;C:\Windows\Sun\Java\lib\ext"/>
    <property name="sun.boot.class.path" value="C:\Users\peng\.jdks\corretto-1.8.0_265\jre\lib\resources.jar;C:\Users\peng\.jdks\corretto-1.8.0_265\jre\lib\rt.jar;C:\Users\peng\.jdks\corretto-1.8.0_265\jre\lib\sunrsasign.jar;C:\Users\peng\.jdks\corretto-1.8.0_265\jre\lib\jsse.jar;C:\Users\peng\.jdks\corretto-1.8.0_265\jre\lib\jce.jar;C:\Users\peng\.jdks\corretto-1.8.0_265\jre\lib\charsets.jar;C:\Users\peng\.jdks\corretto-1.8.0_265\jre\lib\jfr.jar;C:\Users\peng\.jdks\corretto-1.8.0_265\jre\classes"/>
    <property name="java.vendor" value="Amazon.com Inc."/>
    <property name="maven.home" value="D:\SorftAddress\IntelliJ IDEA 2020.2.3\plugins\maven\lib\maven3"/>
    <property name="file.separator" value="\"/>
    <property name="java.vendor.url.bug" value="https://github.com/corretto/corretto-8/issues/"/>
    <property name="sun.cpu.endian" value="little"/>
    <property name="sun.io.unicode.encoding" value="UnicodeLittle"/>
    <property name="sun.desktop" value="windows"/>
    <property name="sun.cpu.isalist" value="amd64"/>
  </properties>
  <testcase classname="com.online.college.service.AppTest" name="testApp" time="0.003"/>
</testsuite>